{"C:\\Users\\broke\\Desktop\\NU_BootCamp\\NODENOMORE\\Team_Project-2\\backend\\functions.js": {"path":"C:\\Users\\broke\\Desktop\\NU_BootCamp\\NODENOMORE\\Team_Project-2\\backend\\functions.js","statementMap":{"0":{"start":{"line":1,"column":18},"end":{"line":16,"column":1}},"1":{"start":{"line":26,"column":0},"end":{"line":26,"column":27}}},"fnMap":{},"branchMap":{},"s":{"0":1,"1":1},"f":{},"b":{},"_coverageSchema":"1a1c01bbd47fc00a2c39e90264f33305004495a9","hash":"63359770e2eabd5797155d895840bc99c80193ae"}
}
